<?xml version="1.0" encoding="UTF-8"?>
<!-- Generated by org.testng.reporters.JUnitReportReporter -->
<testsuite skipped="1" hostname="LAPTOP-MS7ESGR4" name="TestNGListenerConcept.ScreenShotTest" tests="2" failures="0" timestamp="26 Feb 2019 06:32:44 GMT" time="47.964" errors="0">
  <testcase name="screenShot" time="47.964" classname="TestNGListenerConcept.ScreenShotTest"/>
  <testcase name="takeScreenShotTest" classname="TestNGListenerConcept.ScreenShotTest">
    <skipped/>
  </testcase> <!-- takeScreenShotTest -->
</testsuite> <!-- TestNGListenerConcept.ScreenShotTest -->
